{"ts":1721495263418,"action":"PROJECT_OPENED","tags":{"PROJECT_NAME":"PirateGameJam15"}}
{"ts":1721495265032,"action":"FILE_OPENED","file":"/Spirit Soother.yyp","tags":{"FILE_LINE_OF_CODE":"112"}}
{"ts":1721495275734,"action":"IDE_DEACTIVATED"}
{"ts":1721495275814,"action":"IDE_ACTIVATED"}
{"ts":1721495280634,"action":"FILE_CLOSED","file":"/Spirit Soother.yyp","tags":{"FILE_LINE_OF_CODE":"112"}}
{"ts":1721495309653,"action":"IDE_DEACTIVATED"}
{"ts":1721495321603,"action":"IDE_ACTIVATED"}
{"ts":1721495324408,"action":"IDE_DEACTIVATED"}
{"ts":1721495333363,"action":"IDE_ACTIVATED"}
{"ts":1721495336945,"action":"IDE_DEACTIVATED"}
{"ts":1721495349620,"action":"IDE_ACTIVATED"}
{"ts":1721495359750,"action":"IDE_DEACTIVATED"}
{"ts":1721495374060,"action":"IDE_ACTIVATED"}
{"ts":1721495378725,"action":"IDE_DEACTIVATED"}
{"ts":1721495382687,"action":"IDE_ACTIVATED"}
{"ts":1721495385806,"action":"IDE_DEACTIVATED"}
{"ts":1721495388390,"action":"IDE_ACTIVATED"}
{"ts":1721495389043,"action":"PROJECT_CLOSED","tags":{"PROJECT_NAME":"PirateGameJam15"}}
{"ts":1721495424235,"action":"FILE_OPENED","file":"/Spirit Soother.yyp","tags":{"FILE_LINE_OF_CODE":"117"}}
{"ts":1721495426223,"action":"PROJECT_OPENED","tags":{"PROJECT_NAME":"PirateGameJam15"}}
{"ts":1721495433811,"action":"FILE_CLOSED","file":"/Spirit Soother.yyp","tags":{"FILE_LINE_OF_CODE":"117"}}
{"ts":1721495433811,"action":"FILE_OPENED","file":"/Spirit Soother.resource_order","tags":{"FILE_LINE_OF_CODE":"4"}}
{"ts":1721495441976,"action":"IDE_DEACTIVATED"}
